<?xml version="1.0" encoding="utf-8"?><testsuites name="pytest tests"><testsuite name="pytest" errors="0" failures="0" skipped="0" tests="12" time="3.860" timestamp="2026-09-21T12:03:01.820186+00:00" hostname="agent-env-71557d54-7576-4852-8218-04106137edab"><testcase classname="tests.test_ddt.TestRubrica" name="test_create_missing_nome" time="0.644" /><testcase classname="tests.test_ddt.TestRubrica" name="test_crud_indirizzo" time="0.396" /><testcase classname="tests.test_ddt.TestDdt" name="test_prossimo_numero" time="0.086" /><testcase classname="tests.test_ddt.TestDdt" name="test_create_auto_numero" time="0.238" /><testcase classname="tests.test_ddt.TestDdt" name="test_list_filters" time="0.076" /><testcase classname="tests.test_ddt.TestDdt" name="test_anni" time="0.078" /><testcase classname="tests.test_ddt.TestDdt" name="test_update_without_data" time="0.156" /><testcase classname="tests.test_ddt.TestDdt" name="test_pdf_endpoints" time="0.792" /><testcase classname="tests.test_ddt.TestDdt" name="test_preview_pdfs" time="1.152" /><testcase classname="tests.test_ddt.TestDdt" name="test_delete_ddt" time="0.142" /><testcase classname="tests.test_ddt.TestRegression" name="test_gommoni_preventivi" time="0.079" /><testcase classname="tests.test_ddt" name="test_zz_cleanup" time="0.000" /></testsuite></testsuites>