<?xml version="1.0" encoding="utf-8"?><testsuites name="pytest tests"><testsuite name="pytest" errors="0" failures="0" skipped="0" tests="19" time="1.914" timestamp="2026-09-22T06:42:05.620208+00:00" hostname="agent-env-71557d54-7576-4852-8218-04106137edab"><testcase classname="tests.test_dipendenti_mobile.TestDipendentiCRUD" name="test_list" time="0.273" /><testcase classname="tests.test_dipendenti_mobile.TestDipendentiCRUD" name="test_create_hides_key_hash" time="0.088" /><testcase classname="tests.test_dipendenti_mobile.TestDipendentiCRUD" name="test_rigenera_chiave" time="0.044" /><testcase classname="tests.test_dipendenti_mobile.TestDipendentiCRUD" name="test_toggle_active" time="0.088" /><testcase classname="tests.test_dipendenti_mobile.TestDipendentiCRUD" name="test_create_empty_name_400" time="0.043" /><testcase classname="tests.test_dipendenti_mobile.TestMobileAPI" name="test_missing_key_401" time="0.002" /><testcase classname="tests.test_dipendenti_mobile.TestMobileAPI" name="test_wrong_key_401" time="0.003" /><testcase classname="tests.test_dipendenti_mobile.TestMobileAPI" name="test_me" time="0.003" /><testcase classname="tests.test_dipendenti_mobile.TestMobileAPI" name="test_clienti_deduped" time="0.003" /><testcase classname="tests.test_dipendenti_mobile.TestMobileAPI" name="test_articoli" time="0.004" /><testcase classname="tests.test_dipendenti_mobile.TestMobileAPI" name="test_lavori_post_and_dedupe" time="0.052" /><testcase classname="tests.test_dipendenti_mobile.TestMobileAPI" name="test_disattivato_401" time="0.049" /><testcase classname="tests.test_dipendenti_mobile.TestPendingQueue" name="test_list_and_count" time="0.090" /><testcase classname="tests.test_dipendenti_mobile.TestPendingQueue" name="test_full_approve_flow" time="0.226" /><testcase classname="tests.test_dipendenti_mobile.TestPendingQueue" name="test_approva_invalid_cliente_400" time="0.135" /><testcase classname="tests.test_dipendenti_mobile.TestPendingQueue" name="test_rifiuta" time="0.181" /><testcase classname="tests.test_dipendenti_mobile.TestPendingQueue" name="test_import_qr" time="0.178" /><testcase classname="tests.test_dipendenti_mobile.TestLavoriRegression" name="test_create_with_ore_and_dipendente" time="0.132" /><testcase classname="tests.test_dipendenti_mobile.TestLavoriRegression" name="test_backup_includes_new_collections" time="0.297" /></testsuite></testsuites>