<?xml version="1.0" encoding="utf-8"?><testsuites name="pytest tests"><testsuite name="pytest" errors="0" failures="0" skipped="0" tests="29" time="5.023" timestamp="2026-09-19T17:29:15.801258+00:00" hostname="agent-env-71557d54-7576-4852-8218-04106137edab"><testcase classname="tests.test_gommoni.TestModelli" name="test_list_modelli" time="0.482" /><testcase classname="tests.test_gommoni.TestModelli" name="test_create_modello" time="0.072" /><testcase classname="tests.test_gommoni.TestModelli" name="test_update_modello" time="0.153" /><testcase classname="tests.test_gommoni.TestModelli" name="test_delete_modello" time="0.160" /><testcase classname="tests.test_gommoni.TestModelli" name="test_delete_modello_404" time="0.062" /><testcase classname="tests.test_gommoni.TestAccessori" name="test_list" time="0.063" /><testcase classname="tests.test_gommoni.TestAccessori" name="test_create" time="0.074" /><testcase classname="tests.test_gommoni.TestAccessori" name="test_update" time="0.066" /><testcase classname="tests.test_gommoni.TestAccessori" name="test_delete" time="0.065" /><testcase classname="tests.test_gommoni.TestSconti" name="test_get" time="0.065" /><testcase classname="tests.test_gommoni.TestSconti" name="test_put_valid" time="0.276" /><testcase classname="tests.test_gommoni.TestSconti" name="test_put_invalid_range" time="0.064" /><testcase classname="tests.test_gommoni.TestSconti" name="test_put_negative" time="0.064" /><testcase classname="tests.test_gommoni.TestPDFs" name="test_listino_pubblico" time="0.381" /><testcase classname="tests.test_gommoni.TestPDFs" name="test_listino_cantiere[privati]" time="0.332" /><testcase classname="tests.test_gommoni.TestPDFs" name="test_listino_cantiere[lavoro]" time="0.560" /><testcase classname="tests.test_gommoni.TestPDFs" name="test_listino_cantiere[concessionari]" time="0.400" /><testcase classname="tests.test_gommoni.TestPDFs" name="test_listino_cantiere_invalid" time="0.066" /><testcase classname="tests.test_gommoni.TestPDFs" name="test_caratteristiche" time="0.377" /><testcase classname="tests.test_gommoni.TestPreventivi" name="test_list" time="0.073" /><testcase classname="tests.test_gommoni.TestPreventivi" name="test_create_with_auto_numero" time="0.073" /><testcase classname="tests.test_gommoni.TestPreventivi" name="test_preview_pdf" time="0.335" /><testcase classname="tests.test_gommoni.TestPreventivi" name="test_saved_pdf" time="0.312" /><testcase classname="tests.test_gommoni.TestPreventivi" name="test_saved_pdf_404" time="0.066" /><testcase classname="tests.test_gommoni.TestPreventivi" name="test_totale_math" time="0.071" /><testcase classname="tests.test_gommoni.TestPreventivi" name="test_update_without_data_field_returns_500_bug" time="0.064" /><testcase classname="tests.test_gommoni.TestPreventivi" name="test_update_with_data_field" time="0.065" /><testcase classname="tests.test_gommoni.TestPreventivi" name="test_delete" time="0.061" /><testcase classname="tests.test_gommoni" name="test_suzuki_modelli_still_ok" time="0.065" /></testsuite></testsuites>